<?xml version="1.0" encoding="UTF-8"?>
<testng-results ignored="0" total="1" passed="0" failed="1" skipped="0">
  <reporter-output>
  </reporter-output>
  <suite started-at="2024-11-27T12:14:47Z" name="Default suite" finished-at="2024-11-27T12:17:57Z" duration-ms="189716">
    <groups>
    </groups>
    <test started-at="2024-11-27T12:14:47Z" name="Default test" finished-at="2024-11-27T12:17:57Z" duration-ms="189716">
      <class name="FitPeoRevenueCalculatorTest">
        <test-method is-config="true" signature="setUp()[pri:0, instance:FitPeoRevenueCalculatorTest@415b0b49]" started-at="2024-11-27T17:44:47Z" name="setUp" finished-at="2024-11-27T17:44:53Z" duration-ms="5620" status="PASS">
          <reporter-output>
          </reporter-output>
        </test-method> <!-- setUp -->
        <test-method signature="testRevenueCalculator()[pri:0, instance:FitPeoRevenueCalculatorTest@415b0b49]" started-at="2024-11-27T17:44:53Z" name="testRevenueCalculator" finished-at="2024-11-27T17:47:56Z" duration-ms="183559" status="FAIL">
          <exception class="java.lang.AssertionError">
            <message>
              <![CDATA[Timed out waiting for the slider section.]]>
            </message>
            <full-stacktrace>
              <![CDATA[java.lang.AssertionError: Timed out waiting for the slider section.
	at org.testng.Assert.fail(Assert.java:93)
	at FitPeoRevenueCalculatorTest.navigateToRevenueCalculatorPage(FitPeoRevenueCalculatorTest.java:72)
	at FitPeoRevenueCalculatorTest.testRevenueCalculator(FitPeoRevenueCalculatorTest.java:40)
	at java.base/jdk.internal.reflect.DirectMethodHandleAccessor.invoke(DirectMethodHandleAccessor.java:103)
	at java.base/java.lang.reflect.Method.invoke(Method.java:580)
	at org.testng.internal.MethodInvocationHelper.invokeMethod(MethodInvocationHelper.java:108)
	at org.testng.internal.Invoker.invokeMethod(Invoker.java:661)
	at org.testng.internal.Invoker.invokeTestMethod(Invoker.java:869)
	at org.testng.internal.Invoker.invokeTestMethods(Invoker.java:1193)
	at org.testng.internal.TestMethodWorker.invokeTestMethods(TestMethodWorker.java:126)
	at org.testng.internal.TestMethodWorker.run(TestMethodWorker.java:109)
	at org.testng.TestRunner.privateRun(TestRunner.java:744)
	at org.testng.TestRunner.run(TestRunner.java:602)
	at org.testng.SuiteRunner.runTest(SuiteRunner.java:380)
	at org.testng.SuiteRunner.runSequentially(SuiteRunner.java:375)
	at org.testng.SuiteRunner.privateRun(SuiteRunner.java:340)
	at org.testng.SuiteRunner.run(SuiteRunner.java:289)
	at org.testng.SuiteRunnerWorker.runSuite(SuiteRunnerWorker.java:52)
	at org.testng.SuiteRunnerWorker.run(SuiteRunnerWorker.java:86)
	at org.testng.TestNG.runSuitesSequentially(TestNG.java:1301)
	at org.testng.TestNG.runSuitesLocally(TestNG.java:1226)
	at org.testng.TestNG.runSuites(TestNG.java:1144)
	at org.testng.TestNG.run(TestNG.java:1115)
	at org.testng.remote.AbstractRemoteTestNG.run(AbstractRemoteTestNG.java:115)
	at org.testng.remote.RemoteTestNG.initAndRun(RemoteTestNG.java:293)
	at org.testng.remote.RemoteTestNG.main(RemoteTestNG.java:91)
]]>
            </full-stacktrace>
          </exception> <!-- java.lang.AssertionError -->
          <reporter-output>
          </reporter-output>
        </test-method> <!-- testRevenueCalculator -->
        <test-method is-config="true" signature="tearDown()[pri:0, instance:FitPeoRevenueCalculatorTest@415b0b49]" started-at="2024-11-27T17:47:56Z" name="tearDown" finished-at="2024-11-27T17:47:57Z" duration-ms="519" status="PASS">
          <reporter-output>
          </reporter-output>
        </test-method> <!-- tearDown -->
      </class> <!-- FitPeoRevenueCalculatorTest -->
    </test> <!-- Default test -->
  </suite> <!-- Default suite -->
</testng-results>
